
Gurobi 8.1.0 (win64, Python) logging started 03/13/19 16:36:12

Academic license - for non-commercial use only
Optimize a model with 2 rows, 3 columns and 5 nonzeros
Variable types: 0 continuous, 3 integer (3 binary)
Coefficient statistics:
  Matrix range     [1e+00, 3e+00]
  Objective range  [1e+00, 2e+00]
  Bounds range     [1e+00, 1e+00]
  RHS range        [1e+00, 4e+00]
Found heuristic solution: objective 2.0000000
Presolve removed 2 rows and 3 columns
Presolve time: 0.00s
Presolve: All rows and columns removed

Explored 0 nodes (0 simplex iterations) in 0.00 seconds
Thread count was 1 (of 8 available processors)

Solution count 2: 3 2 

Optimal solution found (tolerance 1.00e-04)
Best objective 3.000000000000e+00, best bound 3.000000000000e+00, gap 0.0000%
Optimize a model with 16 rows, 12 columns and 36 nonzeros
Coefficient statistics:
  Matrix range     [1e+00, 1e+00]
  Objective range  [1e+01, 8e+01]
  Bounds range     [0e+00, 0e+00]
  RHS range        [1e+01, 1e+02]
Presolve removed 16 rows and 12 columns
Presolve time: 0.00s
Presolve: All rows and columns removed
Iteration    Objective       Primal Inf.    Dual Inf.      Time
       0    5.5000000e+03   0.000000e+00   0.000000e+00      0s

Solved in 0 iterations and 0.00 seconds
Optimal objective  5.500000000e+03

Gurobi 8.1.0 (win64, Python) logging started 03/15/19 17:17:33

Academic license - for non-commercial use only
Error: it isn't a multi-objective model
Error: it isn't a multi-objective model
Error: it isn't a multi-objective model
Error: it isn't a multi-objective model
Error: it isn't a multi-objective model
No solution available
Error: it isn't a multi-objective model
No solution available
Optimize a model with 0 rows, 33 columns and 0 nonzeros
Coefficient statistics:
  Matrix range     [0e+00, 0e+00]
  Objective range  [0e+00, 0e+00]
  Bounds range     [0e+00, 0e+00]
  RHS range        [0e+00, 0e+00]
Presolve removed 0 rows and 33 columns
Presolve time: 0.00s
Presolve: All rows and columns removed
Iteration    Objective       Primal Inf.    Dual Inf.      Time
       0    1.7800000e+06   0.000000e+00   0.000000e+00      0s

Solved in 0 iterations and 0.02 seconds
Optimal objective  1.780000000e+06
Error: it isn't a multi-objective model
Error: it isn't a multi-objective model
Error: it isn't a multi-objective model
Error: it isn't a multi-objective model
Error: it isn't a multi-objective model
No solution available
Error: it isn't a multi-objective model
No solution available
Error: it isn't a multi-objective model
Error: it isn't a multi-objective model
Error: it isn't a multi-objective model
Error: it isn't a multi-objective model
Error: it isn't a multi-objective model
No solution available
Error: it isn't a multi-objective model
No solution available
Error: it isn't a multi-objective model
Error: it isn't a multi-objective model
Error: it isn't a multi-objective model
Error: it isn't a multi-objective model
Error: it isn't a multi-objective model
No solution available
Error: it isn't a multi-objective model
No solution available
Error: it isn't a multi-objective model
Error: it isn't a multi-objective model
Error: it isn't a multi-objective model
Error: it isn't a multi-objective model
Error: it isn't a multi-objective model
No solution available
Error: it isn't a multi-objective model
No solution available
Error: it isn't a multi-objective model
Error: it isn't a multi-objective model
Error: it isn't a multi-objective model
Error: it isn't a multi-objective model
Error: it isn't a multi-objective model
No solution available
Error: it isn't a multi-objective model
No solution available
Error: it isn't a multi-objective model
Error: it isn't a multi-objective model
Error: it isn't a multi-objective model
Error: it isn't a multi-objective model
Error: it isn't a multi-objective model
No solution available
Error: it isn't a multi-objective model
No solution available
Error: it isn't a multi-objective model
Error: it isn't a multi-objective model
Error: it isn't a multi-objective model
Error: it isn't a multi-objective model
Error: it isn't a multi-objective model
No solution available
Error: it isn't a multi-objective model
No solution available
Error: it isn't a multi-objective model
Error: it isn't a multi-objective model
Error: it isn't a multi-objective model
Error: it isn't a multi-objective model
Error: it isn't a multi-objective model
No solution available
Error: it isn't a multi-objective model
No solution available
Error: it isn't a multi-objective model
Error: it isn't a multi-objective model
Error: it isn't a multi-objective model
Error: it isn't a multi-objective model
Error: it isn't a multi-objective model
No solution available
Error: it isn't a multi-objective model
No solution available
Error: it isn't a multi-objective model
Error: it isn't a multi-objective model
Error: it isn't a multi-objective model
Error: it isn't a multi-objective model
Error: it isn't a multi-objective model
No solution available
Error: it isn't a multi-objective model
No solution available
Error: it isn't a multi-objective model
Error: it isn't a multi-objective model
Error: it isn't a multi-objective model
Error: it isn't a multi-objective model
Error: it isn't a multi-objective model
No solution available
Error: it isn't a multi-objective model
No solution available
Error: it isn't a multi-objective model
Error: it isn't a multi-objective model
Error: it isn't a multi-objective model
Error: it isn't a multi-objective model
Error: it isn't a multi-objective model
No solution available
Error: it isn't a multi-objective model
No solution available
Error: it isn't a multi-objective model
Error: it isn't a multi-objective model
Error: it isn't a multi-objective model
Error: it isn't a multi-objective model
Error: it isn't a multi-objective model
No solution available
Error: it isn't a multi-objective model
No solution available
Error: it isn't a multi-objective model
Error: it isn't a multi-objective model
Error: it isn't a multi-objective model
Error: it isn't a multi-objective model
Error: it isn't a multi-objective model
No solution available
Error: it isn't a multi-objective model
No solution available
Error: it isn't a multi-objective model
Error: it isn't a multi-objective model
Error: it isn't a multi-objective model
Error: it isn't a multi-objective model
Error: it isn't a multi-objective model
No solution available
Error: it isn't a multi-objective model
No solution available
Error: it isn't a multi-objective model
Error: it isn't a multi-objective model
Error: it isn't a multi-objective model
Error: it isn't a multi-objective model
Error: it isn't a multi-objective model
No solution available
Error: it isn't a multi-objective model
No solution available
Optimize a model with 0 rows, 80 columns and 0 nonzeros
Model has 360 quadratic objective terms
Coefficient statistics:
  Matrix range     [0e+00, 0e+00]
  Objective range  [1e+03, 3e+03]
  QObjective range [4e+01, 8e+01]
  Bounds range     [0e+00, 0e+00]
  RHS range        [0e+00, 0e+00]
Presolve time: 0.01s
Presolved: 0 rows, 80 columns, 0 nonzeros
Presolved model has 360 quadratic objective terms
Ordering time: 0.00s

Barrier statistics:
 Free vars  : 10
 AA' NZ     : 0.000e+00
 Factor NZ  : 1.000e+01
 Factor Ops : 1.000e+01 (less than 1 second per iteration)
 Threads    : 1

                  Objective                Residual
Iter       Primal          Dual         Primal    Dual     Compl     Time
   0  -1.74220000e+08  1.78000000e+06  8.00e+03 4.25e+02  1.00e+06     0s
   1   1.23092418e+06  4.52581057e+05  8.00e-03 4.25e-04  9.73e+03     0s
   2   1.11263741e+06  1.05605936e+06  8.00e-09 4.25e-10  7.07e+02     0s
   3   1.11100055e+06  1.11064050e+06  2.84e-14 2.13e-13  4.50e+00     0s
   4   1.11100000e+06  1.11099964e+06  2.13e-14 8.16e-14  4.51e-03     0s
   5   1.11100000e+06  1.11100000e+06  2.84e-14 1.91e-13  4.52e-06     0s
   6   1.11100000e+06  1.11100000e+06  4.26e-14 1.08e-13  4.52e-09     0s

Barrier solved model in 6 iterations and 0.02 seconds
Optimal objective 1.11100000e+06

Error: it isn't a multi-objective model
Error: it isn't a multi-objective model
Error: it isn't a multi-objective model
Error: it isn't a multi-objective model
Error: it isn't a multi-objective model
No solution available
Error: it isn't a multi-objective model
No solution available
Optimize a model with 72 rows, 80 columns and 144 nonzeros
Model has 360 quadratic objective terms
Coefficient statistics:
  Matrix range     [1e+00, 1e+00]
  Objective range  [1e+03, 3e+03]
  QObjective range [4e+01, 8e+01]
  Bounds range     [1e+02, 1e+02]
  RHS range        [0e+00, 0e+00]
Presolve time: 0.01s
Presolved: 72 rows, 80 columns, 144 nonzeros
Presolved model has 360 quadratic objective terms
Ordering time: 0.00s

Barrier statistics:
 Free vars  : 10
 AA' NZ     : 2.080e+02
 Factor NZ  : 7.460e+02
 Factor Ops : 7.482e+03 (less than 1 second per iteration)
 Threads    : 1

                  Objective                Residual
Iter       Primal          Dual         Primal    Dual     Compl     Time
   0  -1.25222000e+09  9.04999999e+05  7.13e+03 4.25e+02  1.00e+06     0s
   1  -2.75891321e+08  5.02343064e+05  1.57e+03 2.19e+02  2.30e+05     0s
   2  -2.44287176e+07  3.82275394e+05  1.45e+02 1.77e+01  2.43e+04     0s
   3   6.87557703e+05  6.79966939e+05  2.41e+00 1.44e-01  2.22e+03     0s
   4   9.49177087e+05  9.20312661e+05  9.24e-01 5.51e-02  9.47e+02     0s
   5   1.08065847e+06  1.06757389e+06  1.75e-01 1.04e-02  2.06e+02     0s
   6   1.11126510e+06  1.10335916e+06  1.75e-07 1.04e-08  3.56e+01     0s
   7   1.11104002e+06  1.11090289e+06  6.92e-10 4.13e-11  6.18e-01     0s
   8   1.11100564e+06  1.11099348e+06  1.45e-12 4.01e-12  5.48e-02     0s
   9   1.11100080e+06  1.11099905e+06  2.37e-11 3.05e-12  7.88e-03     0s
  10   1.11100011e+06  1.11099987e+06  2.38e-11 4.01e-12  1.10e-03     0s
  11   1.11100002e+06  1.11099998e+06  6.32e-11 2.95e-12  1.55e-04     0s
  12   1.11100000e+06  1.11100000e+06  2.46e-10 3.16e-12  2.19e-05     0s
  13   1.11100000e+06  1.11100000e+06  3.72e-10 4.05e-12  3.09e-06     0s
  14   1.11100000e+06  1.11100000e+06  9.77e-10 5.30e-12  4.37e-07     0s
  15   1.11100000e+06  1.11100000e+06  4.73e-09 2.70e-12  6.16e-08     0s
  16   1.11100000e+06  1.11100000e+06  2.26e-09 4.15e-12  8.70e-09     0s

Barrier solved model in 16 iterations and 0.01 seconds
Optimal objective 1.11100000e+06

Error: it isn't a multi-objective model
Error: it isn't a multi-objective model
Error: it isn't a multi-objective model
Error: it isn't a multi-objective model
Error: it isn't a multi-objective model
No solution available
Error: it isn't a multi-objective model
No solution available
Error: it isn't a multi-objective model
Error: it isn't a multi-objective model
Error: it isn't a multi-objective model
Error: it isn't a multi-objective model
Error: it isn't a multi-objective model
No solution available
Error: it isn't a multi-objective model
No solution available
Optimize a model with 72 rows, 80 columns and 144 nonzeros
Model has 360 quadratic objective terms
Coefficient statistics:
  Matrix range     [1e+00, 1e+00]
  Objective range  [1e+03, 2e+04]
  QObjective range [4e+01, 3e+03]
  Bounds range     [1e+02, 1e+02]
  RHS range        [0e+00, 0e+00]
Presolve time: 0.00s
Presolved: 72 rows, 80 columns, 144 nonzeros
Presolved model has 360 quadratic objective terms
Ordering time: 0.00s

Barrier statistics:
 Free vars  : 10
 AA' NZ     : 2.080e+02
 Factor NZ  : 7.460e+02
 Factor Ops : 7.482e+03 (less than 1 second per iteration)
 Threads    : 1

                  Objective                Residual
Iter       Primal          Dual         Primal    Dual     Compl     Time
   0  -1.89702000e+09 -1.57000000e+06  5.81e+03 4.25e+02  1.01e+06     0s
   1  -4.38289277e+08 -1.82061758e+06  1.35e+03 2.30e+02  2.49e+05     0s
   2  -3.96480317e+07 -1.07779881e+06  1.25e+02 1.62e+01  3.10e+04     0s
   3   1.99552958e+05  7.48616225e+05  2.79e+00 2.04e-01  1.98e+03     0s
   4   9.88666968e+05  1.04474673e+06  3.75e-01 2.74e-02  3.30e+02     0s
   5   1.09950026e+06  1.10011328e+06  3.76e-02 2.75e-03  5.44e+01     0s
   6   1.11128466e+06  1.10901345e+06  3.76e-08 2.75e-09  1.02e+01     0s
   7   1.11105743e+06  1.11080035e+06  9.93e-10 7.26e-11  1.16e+00     0s
   8   1.11100783e+06  1.11098076e+06  7.59e-13 8.93e-12  1.22e-01     0s
   9   1.11100101e+06  1.11099878e+06  2.30e-12 1.09e-11  1.00e-02     0s
  10   1.11100014e+06  1.11099983e+06  7.79e-11 1.15e-11  1.39e-03     0s
  11   1.11100002e+06  1.11099998e+06  1.27e-10 9.94e-12  1.96e-04     0s
  12   1.11100000e+06  1.11100000e+06  3.24e-10 4.97e-12  2.78e-05     0s
  13   1.11100000e+06  1.11100000e+06  2.76e-10 6.97e-12  3.94e-06     0s
  14   1.11100000e+06  1.11100000e+06  6.49e-10 7.55e-12  5.59e-07     0s
  15   1.11100000e+06  1.11100000e+06  1.92e-13 5.86e-12  7.93e-08     0s
  16   1.11100000e+06  1.11100000e+06  5.18e-12 6.88e-12  1.12e-08     0s
  17   1.11100000e+06  1.11100000e+06  6.01e-11 7.01e-12  1.60e-09     0s

Barrier solved model in 17 iterations and 0.01 seconds
Optimal objective 1.11100000e+06

Error: it isn't a multi-objective model
Error: it isn't a multi-objective model
Error: it isn't a multi-objective model
Error: it isn't a multi-objective model
Error: it isn't a multi-objective model
No solution available
Error: it isn't a multi-objective model
No solution available
Error: it isn't a multi-objective model
Error: it isn't a multi-objective model
Error: it isn't a multi-objective model
Error: it isn't a multi-objective model
Error: it isn't a multi-objective model
No solution available
Error: it isn't a multi-objective model
No solution available
Optimize a model with 72 rows, 80 columns and 144 nonzeros
Model has 360 quadratic objective terms
Coefficient statistics:
  Matrix range     [1e+00, 1e+00]
  Objective range  [1e+03, 2e+04]
  QObjective range [4e+01, 3e+03]
  Bounds range     [1e+02, 1e+02]
  RHS range        [0e+00, 0e+00]
Presolve time: 0.01s
Presolved: 72 rows, 80 columns, 144 nonzeros
Presolved model has 360 quadratic objective terms
Ordering time: 0.00s

Barrier statistics:
 Free vars  : 10
 AA' NZ     : 2.080e+02
 Factor NZ  : 7.460e+02
 Factor Ops : 7.482e+03 (less than 1 second per iteration)
 Threads    : 1

                  Objective                Residual
Iter       Primal          Dual         Primal    Dual     Compl     Time
   0  -1.89702000e+09 -1.57000000e+06  5.81e+03 4.25e+02  1.01e+06     0s
   1  -4.38289277e+08 -1.82061758e+06  1.35e+03 2.30e+02  2.49e+05     0s
   2  -3.96480317e+07 -1.07779881e+06  1.25e+02 1.62e+01  3.10e+04     0s
   3   1.99552958e+05  7.48616225e+05  2.79e+00 2.04e-01  1.98e+03     0s
   4   9.88666968e+05  1.04474673e+06  3.75e-01 2.74e-02  3.30e+02     0s
   5   1.09950026e+06  1.10011328e+06  3.76e-02 2.75e-03  5.44e+01     0s
   6   1.11128466e+06  1.10901345e+06  3.76e-08 2.75e-09  1.02e+01     0s
   7   1.11105743e+06  1.11080035e+06  9.93e-10 7.26e-11  1.16e+00     0s
   8   1.11100783e+06  1.11098076e+06  7.59e-13 8.93e-12  1.22e-01     0s
   9   1.11100101e+06  1.11099878e+06  2.30e-12 1.09e-11  1.00e-02     0s
  10   1.11100014e+06  1.11099983e+06  7.79e-11 1.15e-11  1.39e-03     0s
  11   1.11100002e+06  1.11099998e+06  1.27e-10 9.94e-12  1.96e-04     0s
  12   1.11100000e+06  1.11100000e+06  3.24e-10 4.97e-12  2.78e-05     0s
  13   1.11100000e+06  1.11100000e+06  2.76e-10 6.97e-12  3.94e-06     0s
  14   1.11100000e+06  1.11100000e+06  6.49e-10 7.55e-12  5.59e-07     0s
  15   1.11100000e+06  1.11100000e+06  1.92e-13 5.86e-12  7.93e-08     0s
  16   1.11100000e+06  1.11100000e+06  5.18e-12 6.88e-12  1.12e-08     0s
  17   1.11100000e+06  1.11100000e+06  6.01e-11 7.01e-12  1.60e-09     0s

Barrier solved model in 17 iterations and 0.01 seconds
Optimal objective 1.11100000e+06

Optimize a model with 72 rows, 80 columns and 144 nonzeros
Model has 360 quadratic objective terms
Coefficient statistics:
  Matrix range     [1e+00, 1e+00]
  Objective range  [1e+03, 2e+04]
  QObjective range [4e+01, 3e+03]
  Bounds range     [1e+02, 1e+02]
  RHS range        [0e+00, 0e+00]
Presolve time: 0.00s
Presolved: 72 rows, 80 columns, 144 nonzeros
Presolved model has 360 quadratic objective terms
Ordering time: 0.00s

Barrier statistics:
 Free vars  : 10
 AA' NZ     : 2.080e+02
 Factor NZ  : 7.460e+02
 Factor Ops : 7.482e+03 (less than 1 second per iteration)
 Threads    : 1

                  Objective                Residual
Iter       Primal          Dual         Primal    Dual     Compl     Time
   0  -1.89702000e+09 -1.57000000e+06  5.81e+03 4.25e+02  1.01e+06     0s
   1  -4.38289277e+08 -1.82061758e+06  1.35e+03 2.30e+02  2.49e+05     0s
   2  -3.96480317e+07 -1.07779881e+06  1.25e+02 1.62e+01  3.10e+04     0s
   3   1.99552958e+05  7.48616225e+05  2.79e+00 2.04e-01  1.98e+03     0s
   4   9.88666968e+05  1.04474673e+06  3.75e-01 2.74e-02  3.30e+02     0s
   5   1.09950026e+06  1.10011328e+06  3.76e-02 2.75e-03  5.44e+01     0s
   6   1.11128466e+06  1.10901345e+06  3.76e-08 2.75e-09  1.02e+01     0s
   7   1.11105743e+06  1.11080035e+06  9.93e-10 7.26e-11  1.16e+00     0s
   8   1.11100783e+06  1.11098076e+06  7.59e-13 8.93e-12  1.22e-01     0s
   9   1.11100101e+06  1.11099878e+06  2.30e-12 1.09e-11  1.00e-02     0s
  10   1.11100014e+06  1.11099983e+06  7.79e-11 1.15e-11  1.39e-03     0s
  11   1.11100002e+06  1.11099998e+06  1.27e-10 9.94e-12  1.96e-04     0s
  12   1.11100000e+06  1.11100000e+06  3.24e-10 4.97e-12  2.78e-05     0s
  13   1.11100000e+06  1.11100000e+06  2.76e-10 6.97e-12  3.94e-06     0s
  14   1.11100000e+06  1.11100000e+06  6.49e-10 7.55e-12  5.59e-07     0s
  15   1.11100000e+06  1.11100000e+06  1.92e-13 5.86e-12  7.93e-08     0s
  16   1.11100000e+06  1.11100000e+06  5.18e-12 6.88e-12  1.12e-08     0s
  17   1.11100000e+06  1.11100000e+06  6.01e-11 7.01e-12  1.60e-09     0s

Barrier solved model in 17 iterations and 0.00 seconds
Optimal objective 1.11100000e+06

Optimize a model with 72 rows, 80 columns and 144 nonzeros
Model has 360 quadratic objective terms
Coefficient statistics:
  Matrix range     [1e+00, 1e+00]
  Objective range  [1e+03, 3e+04]
  QObjective range [4e+01, 3e+03]
  Bounds range     [1e+02, 1e+02]
  RHS range        [0e+00, 0e+00]
Presolve time: 0.00s
Presolved: 72 rows, 80 columns, 144 nonzeros
Presolved model has 360 quadratic objective terms
Ordering time: 0.00s

Barrier statistics:
 Free vars  : 10
 AA' NZ     : 2.080e+02
 Factor NZ  : 7.460e+02
 Factor Ops : 7.482e+03 (less than 1 second per iteration)
 Threads    : 1

                  Objective                Residual
Iter       Primal          Dual         Primal    Dual     Compl     Time
   0  -2.28504000e+09 -1.34000000e+06  5.31e+03 5.50e+02  1.02e+06     0s
   1  -5.28487536e+08 -1.81228909e+06  1.23e+03 2.30e+02  2.49e+05     0s
   2  -4.81114812e+07 -1.17414415e+06  1.14e+02 1.63e+01  3.13e+04     0s
   3   2.33163148e+05  7.18460195e+05  1.96e+00 2.03e-01  1.87e+03     0s
   4   9.30111956e+05  9.78000948e+05  3.39e-01 3.51e-02  4.82e+02     0s
   5   1.06651813e+06  1.06733058e+06  2.11e-02 2.18e-03  3.79e+01     0s
   6   1.07516606e+06  1.07434684e+06  2.11e-08 2.18e-09  3.69e+00     0s
   7   1.07502455e+06  1.07495904e+06  3.16e-10 3.26e-11  2.95e-01     0s
   8   1.07500355e+06  1.07499441e+06  4.16e-12 1.24e-11  4.12e-02     0s
   9   1.07500050e+06  1.07499942e+06  1.09e-11 6.09e-12  4.89e-03     0s
  10   1.07500007e+06  1.07499992e+06  2.32e-10 8.66e-12  7.00e-04     0s
  11   1.07500001e+06  1.07499999e+06  1.08e-10 7.11e-12  9.84e-05     0s
  12   1.07500000e+06  1.07500000e+06  6.18e-11 8.03e-12  1.40e-05     0s
  13   1.07500000e+06  1.07500000e+06  3.80e-10 9.00e-12  1.98e-06     0s
  14   1.07500000e+06  1.07500000e+06  1.71e-09 9.21e-12  2.82e-07     0s
  15   1.07500000e+06  1.07500000e+06  2.32e-13 1.38e-11  4.00e-08     0s
  16   1.07500000e+06  1.07500000e+06  5.36e-11 1.10e-11  5.69e-09     0s

Barrier solved model in 16 iterations and 0.00 seconds
Optimal objective 1.07500000e+06

Optimize a model with 72 rows, 80 columns and 144 nonzeros
Model has 360 quadratic objective terms
Coefficient statistics:
  Matrix range     [1e+00, 1e+00]
  Objective range  [3e+03, 1e+05]
  QObjective range [2e+02, 1e+04]
  Bounds range     [1e+02, 1e+02]
  RHS range        [0e+00, 0e+00]
Presolve time: 0.00s
Presolved: 72 rows, 80 columns, 144 nonzeros
Presolved model has 360 quadratic objective terms
Ordering time: 0.00s

Barrier statistics:
 Free vars  : 10
 AA' NZ     : 2.080e+02
 Factor NZ  : 7.460e+02
 Factor Ops : 7.482e+03 (less than 1 second per iteration)
 Threads    : 1

                  Objective                Residual
Iter       Primal          Dual         Primal    Dual     Compl     Time
   0  -1.03710000e+10  7.60000000e+06  6.06e+03 1.35e+03  1.02e+06     0s
   1  -2.40758685e+09  4.94785681e+06  1.41e+03 3.14e+02  2.50e+05     0s
   2  -2.19425582e+08  4.18900013e+06  1.32e+02 2.93e+01  3.14e+04     0s
   3   2.42798185e+06  5.86547975e+06  2.22e+00 4.94e-01  1.92e+03     0s
   4   5.50348010e+06  6.13326545e+06  4.24e-01 9.45e-02  4.81e+02     0s
   5   6.12974238e+06  6.21239914e+06  5.86e-02 1.31e-02  8.31e+01     0s
   6   6.23000925e+06  6.22727406e+06  5.86e-08 1.31e-08  1.23e+01     0s
   7   6.23000000e+06  6.22999069e+06  9.70e-11 2.67e-11  4.19e-02     0s
   8   6.23000000e+06  6.22999999e+06  7.64e-14 2.98e-11  4.19e-05     0s
   9   6.23000000e+06  6.23000000e+06  8.39e-14 2.35e-11  4.20e-08     0s
  10   6.23000000e+06  6.23000000e+06  1.31e-13 6.73e-11  4.57e-11     0s

Barrier solved model in 10 iterations and 0.00 seconds
Optimal objective 6.23000000e+06

Optimize a model with 72 rows, 80 columns and 144 nonzeros
Model has 360 quadratic objective terms
Coefficient statistics:
  Matrix range     [1e+00, 1e+00]
  Objective range  [3e+03, 1e+05]
  QObjective range [2e+02, 1e+04]
  Bounds range     [1e+02, 1e+02]
  RHS range        [0e+00, 0e+00]
Presolve time: 0.00s
Presolved: 72 rows, 80 columns, 144 nonzeros
Presolved model has 360 quadratic objective terms
Ordering time: 0.00s

Barrier statistics:
 Free vars  : 10
 AA' NZ     : 2.080e+02
 Factor NZ  : 7.460e+02
 Factor Ops : 7.482e+03 (less than 1 second per iteration)
 Threads    : 1

                  Objective                Residual
Iter       Primal          Dual         Primal    Dual     Compl     Time
   0  -1.03710000e+10  7.60000000e+06  6.06e+03 1.35e+03  1.02e+06     0s
   1  -2.40758685e+09  4.94785681e+06  1.41e+03 3.14e+02  2.50e+05     0s
   2  -2.19425582e+08  4.18900013e+06  1.32e+02 2.93e+01  3.14e+04     0s
   3   2.42798185e+06  5.86547975e+06  2.22e+00 4.94e-01  1.92e+03     0s
   4   5.50348010e+06  6.13326545e+06  4.24e-01 9.45e-02  4.81e+02     0s
   5   6.12974238e+06  6.21239914e+06  5.86e-02 1.31e-02  8.31e+01     0s
   6   6.23000925e+06  6.22727406e+06  5.86e-08 1.31e-08  1.23e+01     0s
   7   6.23000000e+06  6.22999069e+06  9.70e-11 2.67e-11  4.19e-02     0s
   8   6.23000000e+06  6.22999999e+06  7.64e-14 2.98e-11  4.19e-05     0s
   9   6.23000000e+06  6.23000000e+06  8.39e-14 2.35e-11  4.20e-08     0s
  10   6.23000000e+06  6.23000000e+06  1.31e-13 6.73e-11  4.57e-11     0s

Barrier solved model in 10 iterations and 0.00 seconds
Optimal objective 6.23000000e+06

Optimize a model with 72 rows, 80 columns and 144 nonzeros
Model has 360 quadratic objective terms
Coefficient statistics:
  Matrix range     [1e+00, 1e+00]
  Objective range  [3e+03, 1e+05]
  QObjective range [2e+02, 1e+04]
  Bounds range     [1e+02, 1e+02]
  RHS range        [0e+00, 0e+00]
Presolve time: 0.00s
Presolved: 72 rows, 80 columns, 144 nonzeros
Presolved model has 360 quadratic objective terms
Ordering time: 0.00s

Barrier statistics:
 Free vars  : 10
 AA' NZ     : 2.080e+02
 Factor NZ  : 7.460e+02
 Factor Ops : 7.482e+03 (less than 1 second per iteration)
 Threads    : 1

                  Objective                Residual
Iter       Primal          Dual         Primal    Dual     Compl     Time
   0  -1.03710000e+10  7.60000000e+06  6.06e+03 1.35e+03  1.02e+06     0s
   1  -2.40758685e+09  4.94785681e+06  1.41e+03 3.14e+02  2.50e+05     0s
   2  -2.19425582e+08  4.18900013e+06  1.32e+02 2.93e+01  3.14e+04     0s
   3   2.42798185e+06  5.86547975e+06  2.22e+00 4.94e-01  1.92e+03     0s
   4   5.50348010e+06  6.13326545e+06  4.24e-01 9.45e-02  4.81e+02     0s
   5   6.12974238e+06  6.21239914e+06  5.86e-02 1.31e-02  8.31e+01     0s
   6   6.23000925e+06  6.22727406e+06  5.86e-08 1.31e-08  1.23e+01     0s
   7   6.23000000e+06  6.22999069e+06  9.70e-11 2.67e-11  4.19e-02     0s
   8   6.23000000e+06  6.22999999e+06  7.64e-14 2.98e-11  4.19e-05     0s
   9   6.23000000e+06  6.23000000e+06  8.39e-14 2.35e-11  4.20e-08     0s
  10   6.23000000e+06  6.23000000e+06  1.31e-13 6.73e-11  4.57e-11     0s

Barrier solved model in 10 iterations and 0.00 seconds
Optimal objective 6.23000000e+06

Optimize a model with 72 rows, 80 columns and 144 nonzeros
Model has 360 quadratic objective terms
Coefficient statistics:
  Matrix range     [1e+00, 1e+00]
  Objective range  [3e+03, 1e+05]
  QObjective range [2e+02, 1e+04]
  Bounds range     [1e+02, 1e+02]
  RHS range        [0e+00, 0e+00]
Presolve time: 0.00s
Presolved: 72 rows, 80 columns, 144 nonzeros
Presolved model has 360 quadratic objective terms
Ordering time: 0.00s

Barrier statistics:
 Free vars  : 10
 AA' NZ     : 2.080e+02
 Factor NZ  : 7.460e+02
 Factor Ops : 7.482e+03 (less than 1 second per iteration)
 Threads    : 1

                  Objective                Residual
Iter       Primal          Dual         Primal    Dual     Compl     Time
   0  -1.03710000e+10  7.60000000e+06  6.06e+03 1.35e+03  1.02e+06     0s
   1  -2.40758685e+09  4.94785681e+06  1.41e+03 3.14e+02  2.50e+05     0s
   2  -2.19425582e+08  4.18900013e+06  1.32e+02 2.93e+01  3.14e+04     0s
   3   2.42798185e+06  5.86547975e+06  2.22e+00 4.94e-01  1.92e+03     0s
   4   5.50348010e+06  6.13326545e+06  4.24e-01 9.45e-02  4.81e+02     0s
   5   6.12974238e+06  6.21239914e+06  5.86e-02 1.31e-02  8.31e+01     0s
   6   6.23000925e+06  6.22727406e+06  5.86e-08 1.31e-08  1.23e+01     0s
   7   6.23000000e+06  6.22999069e+06  9.70e-11 2.67e-11  4.19e-02     0s
   8   6.23000000e+06  6.22999999e+06  7.64e-14 2.98e-11  4.19e-05     0s
   9   6.23000000e+06  6.23000000e+06  8.39e-14 2.35e-11  4.20e-08     0s
  10   6.23000000e+06  6.23000000e+06  1.31e-13 6.73e-11  4.57e-11     0s

Barrier solved model in 10 iterations and 0.00 seconds
Optimal objective 6.23000000e+06

Optimize a model with 72 rows, 80 columns and 144 nonzeros
Model has 360 quadratic objective terms
Coefficient statistics:
  Matrix range     [1e+00, 1e+00]
  Objective range  [3e+03, 1e+05]
  QObjective range [2e+02, 1e+04]
  Bounds range     [1e+02, 1e+02]
  RHS range        [0e+00, 0e+00]
Presolve time: 0.00s
Presolved: 72 rows, 80 columns, 144 nonzeros
Presolved model has 360 quadratic objective terms
Ordering time: 0.00s

Barrier statistics:
 Free vars  : 10
 AA' NZ     : 2.080e+02
 Factor NZ  : 7.460e+02
 Factor Ops : 7.482e+03 (less than 1 second per iteration)
 Threads    : 1

                  Objective                Residual
Iter       Primal          Dual         Primal    Dual     Compl     Time
   0  -1.03710000e+10  7.60000000e+06  6.06e+03 1.35e+03  1.02e+06     0s
   1  -2.40758685e+09  4.94785681e+06  1.41e+03 3.14e+02  2.50e+05     0s
   2  -2.19425582e+08  4.18900013e+06  1.32e+02 2.93e+01  3.14e+04     0s
   3   2.42798185e+06  5.86547975e+06  2.22e+00 4.94e-01  1.92e+03     0s
   4   5.50348010e+06  6.13326545e+06  4.24e-01 9.45e-02  4.81e+02     0s
   5   6.12974238e+06  6.21239914e+06  5.86e-02 1.31e-02  8.31e+01     0s
   6   6.23000925e+06  6.22727406e+06  5.86e-08 1.31e-08  1.23e+01     0s
   7   6.23000000e+06  6.22999069e+06  9.70e-11 2.67e-11  4.19e-02     0s
   8   6.23000000e+06  6.22999999e+06  7.64e-14 2.98e-11  4.19e-05     0s
   9   6.23000000e+06  6.23000000e+06  8.39e-14 2.35e-11  4.20e-08     0s
  10   6.23000000e+06  6.23000000e+06  1.31e-13 6.73e-11  4.57e-11     0s

Barrier solved model in 10 iterations and 0.00 seconds
Optimal objective 6.23000000e+06

Optimize a model with 72 rows, 80 columns and 144 nonzeros
Model has 360 quadratic objective terms
Coefficient statistics:
  Matrix range     [1e+00, 1e+00]
  Objective range  [3e+03, 1e+05]
  QObjective range [2e+02, 1e+04]
  Bounds range     [1e+02, 1e+02]
  RHS range        [0e+00, 0e+00]
Presolve time: 0.00s
Presolved: 72 rows, 80 columns, 144 nonzeros
Presolved model has 360 quadratic objective terms
Ordering time: 0.00s

Barrier statistics:
 Free vars  : 10
 AA' NZ     : 2.080e+02
 Factor NZ  : 7.460e+02
 Factor Ops : 7.482e+03 (less than 1 second per iteration)
 Threads    : 1

                  Objective                Residual
Iter       Primal          Dual         Primal    Dual     Compl     Time
   0  -1.03710000e+10  7.60000000e+06  6.06e+03 1.35e+03  1.02e+06     0s
   1  -2.40758685e+09  4.94785681e+06  1.41e+03 3.14e+02  2.50e+05     0s
   2  -2.19425582e+08  4.18900013e+06  1.32e+02 2.93e+01  3.14e+04     0s
   3   2.42798185e+06  5.86547975e+06  2.22e+00 4.94e-01  1.92e+03     0s
   4   5.50348010e+06  6.13326545e+06  4.24e-01 9.45e-02  4.81e+02     0s
   5   6.12974238e+06  6.21239914e+06  5.86e-02 1.31e-02  8.31e+01     0s
   6   6.23000925e+06  6.22727406e+06  5.86e-08 1.31e-08  1.23e+01     0s
   7   6.23000000e+06  6.22999069e+06  9.70e-11 2.67e-11  4.19e-02     0s
   8   6.23000000e+06  6.22999999e+06  7.64e-14 2.98e-11  4.19e-05     0s
   9   6.23000000e+06  6.23000000e+06  8.39e-14 2.35e-11  4.20e-08     0s
  10   6.23000000e+06  6.23000000e+06  1.31e-13 6.73e-11  4.57e-11     0s

Barrier solved model in 10 iterations and 0.00 seconds
Optimal objective 6.23000000e+06

Optimize a model with 72 rows, 80 columns and 144 nonzeros
Model has 360 quadratic objective terms
Coefficient statistics:
  Matrix range     [1e+00, 1e+00]
  Objective range  [3e+03, 1e+05]
  QObjective range [2e+02, 1e+04]
  Bounds range     [1e+02, 1e+02]
  RHS range        [0e+00, 0e+00]
Presolve time: 0.00s
Presolved: 72 rows, 80 columns, 144 nonzeros
Presolved model has 360 quadratic objective terms
Ordering time: 0.00s

Barrier statistics:
 Free vars  : 10
 AA' NZ     : 2.080e+02
 Factor NZ  : 7.460e+02
 Factor Ops : 7.482e+03 (less than 1 second per iteration)
 Threads    : 1

                  Objective                Residual
Iter       Primal          Dual         Primal    Dual     Compl     Time
   0  -1.03710000e+10  7.60000000e+06  6.06e+03 1.35e+03  1.02e+06     0s
   1  -2.40758685e+09  4.94785681e+06  1.41e+03 3.14e+02  2.50e+05     0s
   2  -2.19425582e+08  4.18900013e+06  1.32e+02 2.93e+01  3.14e+04     0s
   3   2.42798185e+06  5.86547975e+06  2.22e+00 4.94e-01  1.92e+03     0s
   4   5.50348010e+06  6.13326545e+06  4.24e-01 9.45e-02  4.81e+02     0s
   5   6.12974238e+06  6.21239914e+06  5.86e-02 1.31e-02  8.31e+01     0s
   6   6.23000925e+06  6.22727406e+06  5.86e-08 1.31e-08  1.23e+01     0s
   7   6.23000000e+06  6.22999069e+06  9.70e-11 2.67e-11  4.19e-02     0s
   8   6.23000000e+06  6.22999999e+06  7.64e-14 2.98e-11  4.19e-05     0s
   9   6.23000000e+06  6.23000000e+06  8.39e-14 2.35e-11  4.20e-08     0s
  10   6.23000000e+06  6.23000000e+06  1.31e-13 6.73e-11  4.57e-11     0s

Barrier solved model in 10 iterations and 0.00 seconds
Optimal objective 6.23000000e+06

Optimize a model with 72 rows, 80 columns and 144 nonzeros
Model has 360 quadratic objective terms
Coefficient statistics:
  Matrix range     [1e+00, 1e+00]
  Objective range  [3e+03, 1e+05]
  QObjective range [2e+02, 1e+04]
  Bounds range     [1e+02, 1e+02]
  RHS range        [0e+00, 0e+00]
Presolve time: 0.00s
Presolved: 72 rows, 80 columns, 144 nonzeros
Presolved model has 360 quadratic objective terms
Ordering time: 0.00s

Barrier statistics:
 Free vars  : 10
 AA' NZ     : 2.080e+02
 Factor NZ  : 7.460e+02
 Factor Ops : 7.482e+03 (less than 1 second per iteration)
 Threads    : 1

                  Objective                Residual
Iter       Primal          Dual         Primal    Dual     Compl     Time
   0  -1.03710000e+10  7.60000000e+06  6.06e+03 1.35e+03  1.02e+06     0s
   1  -2.40758685e+09  4.94785681e+06  1.41e+03 3.14e+02  2.50e+05     0s
   2  -2.19425582e+08  4.18900013e+06  1.32e+02 2.93e+01  3.14e+04     0s
   3   2.42798185e+06  5.86547975e+06  2.22e+00 4.94e-01  1.92e+03     0s
   4   5.50348010e+06  6.13326545e+06  4.24e-01 9.45e-02  4.81e+02     0s
   5   6.12974238e+06  6.21239914e+06  5.86e-02 1.31e-02  8.31e+01     0s
   6   6.23000925e+06  6.22727406e+06  5.86e-08 1.31e-08  1.23e+01     0s
   7   6.23000000e+06  6.22999069e+06  9.70e-11 2.67e-11  4.19e-02     0s
   8   6.23000000e+06  6.22999999e+06  7.64e-14 2.98e-11  4.19e-05     0s
   9   6.23000000e+06  6.23000000e+06  8.39e-14 2.35e-11  4.20e-08     0s
  10   6.23000000e+06  6.23000000e+06  1.31e-13 6.73e-11  4.57e-11     0s

Barrier solved model in 10 iterations and 0.00 seconds
Optimal objective 6.23000000e+06

Optimize a model with 72 rows, 80 columns and 144 nonzeros
Model has 360 quadratic objective terms
Coefficient statistics:
  Matrix range     [1e+00, 1e+00]
  Objective range  [3e+03, 1e+05]
  QObjective range [2e+02, 1e+04]
  Bounds range     [1e+02, 1e+02]
  RHS range        [0e+00, 0e+00]
Presolve time: 0.00s
Presolved: 72 rows, 80 columns, 144 nonzeros
Presolved model has 360 quadratic objective terms
Ordering time: 0.00s

Barrier statistics:
 Free vars  : 10
 AA' NZ     : 2.080e+02
 Factor NZ  : 7.460e+02
 Factor Ops : 7.482e+03 (less than 1 second per iteration)
 Threads    : 1

                  Objective                Residual
Iter       Primal          Dual         Primal    Dual     Compl     Time
   0  -1.03710000e+10  7.60000000e+06  6.06e+03 1.35e+03  1.02e+06     0s
   1  -2.40758685e+09  4.94785681e+06  1.41e+03 3.14e+02  2.50e+05     0s
   2  -2.19425582e+08  4.18900013e+06  1.32e+02 2.93e+01  3.14e+04     0s
   3   2.42798185e+06  5.86547975e+06  2.22e+00 4.94e-01  1.92e+03     0s
   4   5.50348010e+06  6.13326545e+06  4.24e-01 9.45e-02  4.81e+02     0s
   5   6.12974238e+06  6.21239914e+06  5.86e-02 1.31e-02  8.31e+01     0s
   6   6.23000925e+06  6.22727406e+06  5.86e-08 1.31e-08  1.23e+01     0s
   7   6.23000000e+06  6.22999069e+06  9.70e-11 2.67e-11  4.19e-02     0s
   8   6.23000000e+06  6.22999999e+06  7.64e-14 2.98e-11  4.19e-05     0s
   9   6.23000000e+06  6.23000000e+06  8.39e-14 2.35e-11  4.20e-08     0s
  10   6.23000000e+06  6.23000000e+06  1.31e-13 6.73e-11  4.57e-11     0s

Barrier solved model in 10 iterations and 0.00 seconds
Optimal objective 6.23000000e+06

Optimize a model with 72 rows, 80 columns and 144 nonzeros
Model has 360 quadratic objective terms
Coefficient statistics:
  Matrix range     [1e+00, 1e+00]
  Objective range  [3e+03, 1e+05]
  QObjective range [2e+02, 1e+04]
  Bounds range     [1e+02, 1e+02]
  RHS range        [0e+00, 0e+00]
Presolve time: 0.00s
Presolved: 72 rows, 80 columns, 144 nonzeros
Presolved model has 360 quadratic objective terms
Ordering time: 0.00s

Barrier statistics:
 Free vars  : 10
 AA' NZ     : 2.080e+02
 Factor NZ  : 7.460e+02
 Factor Ops : 7.482e+03 (less than 1 second per iteration)
 Threads    : 1

                  Objective                Residual
Iter       Primal          Dual         Primal    Dual     Compl     Time
   0  -1.03710000e+10  7.60000000e+06  6.06e+03 1.35e+03  1.02e+06     0s
   1  -2.40758685e+09  4.94785681e+06  1.41e+03 3.14e+02  2.50e+05     0s
   2  -2.19425582e+08  4.18900013e+06  1.32e+02 2.93e+01  3.14e+04     0s
   3   2.42798185e+06  5.86547975e+06  2.22e+00 4.94e-01  1.92e+03     0s
   4   5.50348010e+06  6.13326545e+06  4.24e-01 9.45e-02  4.81e+02     0s
   5   6.12974238e+06  6.21239914e+06  5.86e-02 1.31e-02  8.31e+01     0s
   6   6.23000925e+06  6.22727406e+06  5.86e-08 1.31e-08  1.23e+01     0s
   7   6.23000000e+06  6.22999069e+06  9.70e-11 2.67e-11  4.19e-02     0s
   8   6.23000000e+06  6.22999999e+06  7.64e-14 2.98e-11  4.19e-05     0s
   9   6.23000000e+06  6.23000000e+06  8.39e-14 2.35e-11  4.20e-08     0s
  10   6.23000000e+06  6.23000000e+06  1.31e-13 6.73e-11  4.57e-11     0s

Barrier solved model in 10 iterations and 0.00 seconds
Optimal objective 6.23000000e+06

Optimize a model with 72 rows, 80 columns and 144 nonzeros
Model has 360 quadratic objective terms
Coefficient statistics:
  Matrix range     [1e+00, 1e+00]
  Objective range  [3e+03, 1e+05]
  QObjective range [2e+02, 1e+04]
  Bounds range     [1e+02, 1e+02]
  RHS range        [0e+00, 0e+00]
Presolve time: 0.00s
Presolved: 72 rows, 80 columns, 144 nonzeros
Presolved model has 360 quadratic objective terms
Ordering time: 0.00s

Barrier statistics:
 Free vars  : 10
 AA' NZ     : 2.080e+02
 Factor NZ  : 7.460e+02
 Factor Ops : 7.482e+03 (less than 1 second per iteration)
 Threads    : 1

                  Objective                Residual
Iter       Primal          Dual         Primal    Dual     Compl     Time
   0  -1.03710000e+10  7.60000000e+06  6.06e+03 1.35e+03  1.02e+06     0s
   1  -2.40758685e+09  4.94785681e+06  1.41e+03 3.14e+02  2.50e+05     0s
   2  -2.19425582e+08  4.18900013e+06  1.32e+02 2.93e+01  3.14e+04     0s
   3   2.42798185e+06  5.86547975e+06  2.22e+00 4.94e-01  1.92e+03     0s
   4   5.50348010e+06  6.13326545e+06  4.24e-01 9.45e-02  4.81e+02     0s
   5   6.12974238e+06  6.21239914e+06  5.86e-02 1.31e-02  8.31e+01     0s
   6   6.23000925e+06  6.22727406e+06  5.86e-08 1.31e-08  1.23e+01     0s
   7   6.23000000e+06  6.22999069e+06  9.70e-11 2.67e-11  4.19e-02     0s
   8   6.23000000e+06  6.22999999e+06  7.64e-14 2.98e-11  4.19e-05     0s
   9   6.23000000e+06  6.23000000e+06  8.39e-14 2.35e-11  4.20e-08     0s
  10   6.23000000e+06  6.23000000e+06  1.31e-13 6.73e-11  4.57e-11     0s

Barrier solved model in 10 iterations and 0.00 seconds
Optimal objective 6.23000000e+06

Optimize a model with 72 rows, 80 columns and 144 nonzeros
Model has 360 quadratic objective terms
Coefficient statistics:
  Matrix range     [1e+00, 1e+00]
  Objective range  [3e+03, 1e+05]
  QObjective range [2e+02, 1e+04]
  Bounds range     [1e+02, 1e+02]
  RHS range        [0e+00, 0e+00]
Presolve time: 0.00s
Presolved: 72 rows, 80 columns, 144 nonzeros
Presolved model has 360 quadratic objective terms
Ordering time: 0.00s

Barrier statistics:
 Free vars  : 10
 AA' NZ     : 2.080e+02
 Factor NZ  : 7.460e+02
 Factor Ops : 7.482e+03 (less than 1 second per iteration)
 Threads    : 1

                  Objective                Residual
Iter       Primal          Dual         Primal    Dual     Compl     Time
   0  -1.03710000e+10  7.60000000e+06  6.06e+03 1.35e+03  1.02e+06     0s
   1  -2.40758685e+09  4.94785681e+06  1.41e+03 3.14e+02  2.50e+05     0s
   2  -2.19425582e+08  4.18900013e+06  1.32e+02 2.93e+01  3.14e+04     0s
   3   2.42798185e+06  5.86547975e+06  2.22e+00 4.94e-01  1.92e+03     0s
   4   5.50348010e+06  6.13326545e+06  4.24e-01 9.45e-02  4.81e+02     0s
   5   6.12974238e+06  6.21239914e+06  5.86e-02 1.31e-02  8.31e+01     0s
   6   6.23000925e+06  6.22727406e+06  5.86e-08 1.31e-08  1.23e+01     0s
   7   6.23000000e+06  6.22999069e+06  9.70e-11 2.67e-11  4.19e-02     0s
   8   6.23000000e+06  6.22999999e+06  7.64e-14 2.98e-11  4.19e-05     0s
   9   6.23000000e+06  6.23000000e+06  8.39e-14 2.35e-11  4.20e-08     0s
  10   6.23000000e+06  6.23000000e+06  1.31e-13 6.73e-11  4.57e-11     0s

Barrier solved model in 10 iterations and 0.00 seconds
Optimal objective 6.23000000e+06

Optimize a model with 72 rows, 80 columns and 144 nonzeros
Model has 360 quadratic objective terms
Coefficient statistics:
  Matrix range     [1e+00, 1e+00]
  Objective range  [3e+03, 1e+05]
  QObjective range [2e+02, 1e+04]
  Bounds range     [1e+02, 1e+02]
  RHS range        [0e+00, 0e+00]
Presolve time: 0.00s
Presolved: 72 rows, 80 columns, 144 nonzeros
Presolved model has 360 quadratic objective terms
Ordering time: 0.00s

Barrier statistics:
 Free vars  : 10
 AA' NZ     : 2.080e+02
 Factor NZ  : 7.460e+02
 Factor Ops : 7.482e+03 (less than 1 second per iteration)
 Threads    : 1

                  Objective                Residual
Iter       Primal          Dual         Primal    Dual     Compl     Time
   0  -1.03710000e+10  7.60000000e+06  6.06e+03 1.35e+03  1.02e+06     0s
   1  -2.40758685e+09  4.94785681e+06  1.41e+03 3.14e+02  2.50e+05     0s
   2  -2.19425582e+08  4.18900013e+06  1.32e+02 2.93e+01  3.14e+04     0s
   3   2.42798185e+06  5.86547975e+06  2.22e+00 4.94e-01  1.92e+03     0s
   4   5.50348010e+06  6.13326545e+06  4.24e-01 9.45e-02  4.81e+02     0s
   5   6.12974238e+06  6.21239914e+06  5.86e-02 1.31e-02  8.31e+01     0s
   6   6.23000925e+06  6.22727406e+06  5.86e-08 1.31e-08  1.23e+01     0s
   7   6.23000000e+06  6.22999069e+06  9.70e-11 2.67e-11  4.19e-02     0s
   8   6.23000000e+06  6.22999999e+06  7.64e-14 2.98e-11  4.19e-05     0s
   9   6.23000000e+06  6.23000000e+06  8.39e-14 2.35e-11  4.20e-08     0s
  10   6.23000000e+06  6.23000000e+06  1.31e-13 6.73e-11  4.57e-11     0s

Barrier solved model in 10 iterations and 0.00 seconds
Optimal objective 6.23000000e+06

Optimize a model with 72 rows, 80 columns and 144 nonzeros
Model has 360 quadratic objective terms
Coefficient statistics:
  Matrix range     [1e+00, 1e+00]
  Objective range  [3e+03, 1e+05]
  QObjective range [2e+02, 1e+04]
  Bounds range     [1e+02, 1e+02]
  RHS range        [0e+00, 0e+00]
Presolve time: 0.00s
Presolved: 72 rows, 80 columns, 144 nonzeros
Presolved model has 360 quadratic objective terms
Ordering time: 0.00s

Barrier statistics:
 Free vars  : 10
 AA' NZ     : 2.080e+02
 Factor NZ  : 7.460e+02
 Factor Ops : 7.482e+03 (less than 1 second per iteration)
 Threads    : 1

                  Objective                Residual
Iter       Primal          Dual         Primal    Dual     Compl     Time
   0  -1.03710000e+10  7.60000000e+06  6.06e+03 1.35e+03  1.02e+06     0s
   1  -2.40758685e+09  4.94785681e+06  1.41e+03 3.14e+02  2.50e+05     0s
   2  -2.19425582e+08  4.18900013e+06  1.32e+02 2.93e+01  3.14e+04     0s
   3   2.42798185e+06  5.86547975e+06  2.22e+00 4.94e-01  1.92e+03     0s
   4   5.50348010e+06  6.13326545e+06  4.24e-01 9.45e-02  4.81e+02     0s
   5   6.12974238e+06  6.21239914e+06  5.86e-02 1.31e-02  8.31e+01     0s
   6   6.23000925e+06  6.22727406e+06  5.86e-08 1.31e-08  1.23e+01     0s
   7   6.23000000e+06  6.22999069e+06  9.70e-11 2.67e-11  4.19e-02     0s
   8   6.23000000e+06  6.22999999e+06  7.64e-14 2.98e-11  4.19e-05     0s
   9   6.23000000e+06  6.23000000e+06  8.39e-14 2.35e-11  4.20e-08     0s
  10   6.23000000e+06  6.23000000e+06  1.31e-13 6.73e-11  4.57e-11     0s

Barrier solved model in 10 iterations and 0.00 seconds
Optimal objective 6.23000000e+06

Optimize a model with 72 rows, 80 columns and 144 nonzeros
Model has 360 quadratic objective terms
Coefficient statistics:
  Matrix range     [1e+00, 1e+00]
  Objective range  [3e+03, 1e+05]
  QObjective range [2e+02, 1e+04]
  Bounds range     [1e+02, 1e+02]
  RHS range        [0e+00, 0e+00]
Presolve time: 0.00s
Presolved: 72 rows, 80 columns, 144 nonzeros
Presolved model has 360 quadratic objective terms
Ordering time: 0.00s

Barrier statistics:
 Free vars  : 10
 AA' NZ     : 2.080e+02
 Factor NZ  : 7.460e+02
 Factor Ops : 7.482e+03 (less than 1 second per iteration)
 Threads    : 1

                  Objective                Residual
Iter       Primal          Dual         Primal    Dual     Compl     Time
   0  -1.03710000e+10  7.60000000e+06  6.06e+03 1.35e+03  1.02e+06     0s
   1  -2.40758685e+09  4.94785681e+06  1.41e+03 3.14e+02  2.50e+05     0s
   2  -2.19425582e+08  4.18900013e+06  1.32e+02 2.93e+01  3.14e+04     0s
   3   2.42798185e+06  5.86547975e+06  2.22e+00 4.94e-01  1.92e+03     0s
   4   5.50348010e+06  6.13326545e+06  4.24e-01 9.45e-02  4.81e+02     0s
   5   6.12974238e+06  6.21239914e+06  5.86e-02 1.31e-02  8.31e+01     0s
   6   6.23000925e+06  6.22727406e+06  5.86e-08 1.31e-08  1.23e+01     0s
   7   6.23000000e+06  6.22999069e+06  9.70e-11 2.67e-11  4.19e-02     0s
   8   6.23000000e+06  6.22999999e+06  7.64e-14 2.98e-11  4.19e-05     0s
   9   6.23000000e+06  6.23000000e+06  8.39e-14 2.35e-11  4.20e-08     0s
  10   6.23000000e+06  6.23000000e+06  1.31e-13 6.73e-11  4.57e-11     0s

Barrier solved model in 10 iterations and 0.01 seconds
Optimal objective 6.23000000e+06

Optimize a model with 72 rows, 80 columns and 144 nonzeros
Model has 360 quadratic objective terms
Coefficient statistics:
  Matrix range     [1e+00, 1e+00]
  Objective range  [3e+03, 1e+05]
  QObjective range [2e+02, 1e+04]
  Bounds range     [1e+02, 1e+02]
  RHS range        [0e+00, 0e+00]
Presolve time: 0.00s
Presolved: 72 rows, 80 columns, 144 nonzeros
Presolved model has 360 quadratic objective terms
Ordering time: 0.00s

Barrier statistics:
 Free vars  : 10
 AA' NZ     : 2.080e+02
 Factor NZ  : 7.460e+02
 Factor Ops : 7.482e+03 (less than 1 second per iteration)
 Threads    : 1

                  Objective                Residual
Iter       Primal          Dual         Primal    Dual     Compl     Time
   0  -1.03710000e+10  7.60000000e+06  6.06e+03 1.35e+03  1.02e+06     0s
   1  -2.40758685e+09  4.94785681e+06  1.41e+03 3.14e+02  2.50e+05     0s
   2  -2.19425582e+08  4.18900013e+06  1.32e+02 2.93e+01  3.14e+04     0s
   3   2.42798185e+06  5.86547975e+06  2.22e+00 4.94e-01  1.92e+03     0s
   4   5.50348010e+06  6.13326545e+06  4.24e-01 9.45e-02  4.81e+02     0s
   5   6.12974238e+06  6.21239914e+06  5.86e-02 1.31e-02  8.31e+01     0s
   6   6.23000925e+06  6.22727406e+06  5.86e-08 1.31e-08  1.23e+01     0s
   7   6.23000000e+06  6.22999069e+06  9.70e-11 2.67e-11  4.19e-02     0s
   8   6.23000000e+06  6.22999999e+06  7.64e-14 2.98e-11  4.19e-05     0s
   9   6.23000000e+06  6.23000000e+06  8.39e-14 2.35e-11  4.20e-08     0s
  10   6.23000000e+06  6.23000000e+06  1.31e-13 6.73e-11  4.57e-11     0s

Barrier solved model in 10 iterations and 0.00 seconds
Optimal objective 6.23000000e+06

Optimize a model with 72 rows, 80 columns and 144 nonzeros
Model has 360 quadratic objective terms
Coefficient statistics:
  Matrix range     [1e+00, 1e+00]
  Objective range  [3e+03, 1e+05]
  QObjective range [2e+02, 1e+04]
  Bounds range     [1e+02, 1e+02]
  RHS range        [0e+00, 0e+00]
Presolve time: 0.00s
Presolved: 72 rows, 80 columns, 144 nonzeros
Presolved model has 360 quadratic objective terms
Ordering time: 0.00s

Barrier statistics:
 Free vars  : 10
 AA' NZ     : 2.080e+02
 Factor NZ  : 7.460e+02
 Factor Ops : 7.482e+03 (less than 1 second per iteration)
 Threads    : 1

                  Objective                Residual
Iter       Primal          Dual         Primal    Dual     Compl     Time
   0  -1.03710000e+10  7.60000000e+06  6.06e+03 1.35e+03  1.02e+06     0s
   1  -2.40758685e+09  4.94785681e+06  1.41e+03 3.14e+02  2.50e+05     0s
   2  -2.19425582e+08  4.18900013e+06  1.32e+02 2.93e+01  3.14e+04     0s
   3   2.42798185e+06  5.86547975e+06  2.22e+00 4.94e-01  1.92e+03     0s
   4   5.50348010e+06  6.13326545e+06  4.24e-01 9.45e-02  4.81e+02     0s
   5   6.12974238e+06  6.21239914e+06  5.86e-02 1.31e-02  8.31e+01     0s
   6   6.23000925e+06  6.22727406e+06  5.86e-08 1.31e-08  1.23e+01     0s
   7   6.23000000e+06  6.22999069e+06  9.70e-11 2.67e-11  4.19e-02     0s
   8   6.23000000e+06  6.22999999e+06  7.64e-14 2.98e-11  4.19e-05     0s
   9   6.23000000e+06  6.23000000e+06  8.39e-14 2.35e-11  4.20e-08     0s
  10   6.23000000e+06  6.23000000e+06  1.31e-13 6.73e-11  4.57e-11     0s

Barrier solved model in 10 iterations and 0.00 seconds
Optimal objective 6.23000000e+06

Optimize a model with 72 rows, 80 columns and 144 nonzeros
Model has 360 quadratic objective terms
Coefficient statistics:
  Matrix range     [1e+00, 1e+00]
  Objective range  [3e+03, 1e+05]
  QObjective range [2e+02, 1e+04]
  Bounds range     [1e+02, 1e+02]
  RHS range        [0e+00, 0e+00]
Presolve time: 0.00s
Presolved: 72 rows, 80 columns, 144 nonzeros
Presolved model has 360 quadratic objective terms
Ordering time: 0.00s

Barrier statistics:
 Free vars  : 10
 AA' NZ     : 2.080e+02
 Factor NZ  : 7.460e+02
 Factor Ops : 7.482e+03 (less than 1 second per iteration)
 Threads    : 1

                  Objective                Residual
Iter       Primal          Dual         Primal    Dual     Compl     Time
   0  -1.03710000e+10  7.60000000e+06  6.06e+03 1.35e+03  1.02e+06     0s
   1  -2.40758685e+09  4.94785681e+06  1.41e+03 3.14e+02  2.50e+05     0s
   2  -2.19425582e+08  4.18900013e+06  1.32e+02 2.93e+01  3.14e+04     0s
   3   2.42798185e+06  5.86547975e+06  2.22e+00 4.94e-01  1.92e+03     0s
   4   5.50348010e+06  6.13326545e+06  4.24e-01 9.45e-02  4.81e+02     0s
   5   6.12974238e+06  6.21239914e+06  5.86e-02 1.31e-02  8.31e+01     0s
   6   6.23000925e+06  6.22727406e+06  5.86e-08 1.31e-08  1.23e+01     0s
   7   6.23000000e+06  6.22999069e+06  9.70e-11 2.67e-11  4.19e-02     0s
   8   6.23000000e+06  6.22999999e+06  7.64e-14 2.98e-11  4.19e-05     0s
   9   6.23000000e+06  6.23000000e+06  8.39e-14 2.35e-11  4.20e-08     0s
  10   6.23000000e+06  6.23000000e+06  1.31e-13 6.73e-11  4.57e-11     0s

Barrier solved model in 10 iterations and 0.00 seconds
Optimal objective 6.23000000e+06

Optimize a model with 72 rows, 80 columns and 144 nonzeros
Model has 360 quadratic objective terms
Coefficient statistics:
  Matrix range     [1e+00, 1e+00]
  Objective range  [3e+03, 1e+05]
  QObjective range [2e+02, 1e+04]
  Bounds range     [1e+02, 1e+02]
  RHS range        [0e+00, 0e+00]
Presolve time: 0.00s
Presolved: 72 rows, 80 columns, 144 nonzeros
Presolved model has 360 quadratic objective terms
Ordering time: 0.00s

Barrier statistics:
 Free vars  : 10
 AA' NZ     : 2.080e+02
 Factor NZ  : 7.460e+02
 Factor Ops : 7.482e+03 (less than 1 second per iteration)
 Threads    : 1

                  Objective                Residual
Iter       Primal          Dual         Primal    Dual     Compl     Time
   0  -1.03710000e+10  7.60000000e+06  6.06e+03 1.35e+03  1.02e+06     0s
   1  -2.40758685e+09  4.94785681e+06  1.41e+03 3.14e+02  2.50e+05     0s
   2  -2.19425582e+08  4.18900013e+06  1.32e+02 2.93e+01  3.14e+04     0s
   3   2.42798185e+06  5.86547975e+06  2.22e+00 4.94e-01  1.92e+03     0s
   4   5.50348010e+06  6.13326545e+06  4.24e-01 9.45e-02  4.81e+02     0s
   5   6.12974238e+06  6.21239914e+06  5.86e-02 1.31e-02  8.31e+01     0s
   6   6.23000925e+06  6.22727406e+06  5.86e-08 1.31e-08  1.23e+01     0s
   7   6.23000000e+06  6.22999069e+06  9.70e-11 2.67e-11  4.19e-02     0s
   8   6.23000000e+06  6.22999999e+06  7.64e-14 2.98e-11  4.19e-05     0s
   9   6.23000000e+06  6.23000000e+06  8.39e-14 2.35e-11  4.20e-08     0s
  10   6.23000000e+06  6.23000000e+06  1.31e-13 6.73e-11  4.57e-11     0s

Barrier solved model in 10 iterations and 0.00 seconds
Optimal objective 6.23000000e+06

Optimize a model with 72 rows, 80 columns and 144 nonzeros
Model has 360 quadratic objective terms
Coefficient statistics:
  Matrix range     [1e+00, 1e+00]
  Objective range  [3e+03, 1e+05]
  QObjective range [2e+02, 1e+04]
  Bounds range     [1e+02, 1e+02]
  RHS range        [0e+00, 0e+00]
Presolve time: 0.00s
Presolved: 72 rows, 80 columns, 144 nonzeros
Presolved model has 360 quadratic objective terms
Ordering time: 0.00s

Barrier statistics:
 Free vars  : 10
 AA' NZ     : 2.080e+02
 Factor NZ  : 7.460e+02
 Factor Ops : 7.482e+03 (less than 1 second per iteration)
 Threads    : 1

                  Objective                Residual
Iter       Primal          Dual         Primal    Dual     Compl     Time
   0  -1.03710000e+10  7.60000000e+06  6.06e+03 1.35e+03  1.02e+06     0s
   1  -2.40758685e+09  4.94785681e+06  1.41e+03 3.14e+02  2.50e+05     0s
   2  -2.19425582e+08  4.18900013e+06  1.32e+02 2.93e+01  3.14e+04     0s
   3   2.42798185e+06  5.86547975e+06  2.22e+00 4.94e-01  1.92e+03     0s
   4   5.50348010e+06  6.13326545e+06  4.24e-01 9.45e-02  4.81e+02     0s
   5   6.12974238e+06  6.21239914e+06  5.86e-02 1.31e-02  8.31e+01     0s
   6   6.23000925e+06  6.22727406e+06  5.86e-08 1.31e-08  1.23e+01     0s
   7   6.23000000e+06  6.22999069e+06  9.70e-11 2.67e-11  4.19e-02     0s
   8   6.23000000e+06  6.22999999e+06  7.64e-14 2.98e-11  4.19e-05     0s
   9   6.23000000e+06  6.23000000e+06  8.39e-14 2.35e-11  4.20e-08     0s
  10   6.23000000e+06  6.23000000e+06  1.31e-13 6.73e-11  4.57e-11     0s

Barrier solved model in 10 iterations and 0.00 seconds
Optimal objective 6.23000000e+06

